app-distributor/build/intermediates/manifest_merge_blame_file/debug/manifest-merger-blame-debug-report.txt
1<?xml version="1.0" encoding="utf-8"?>
2<manifest xmlns:android="http://schemas.android.com/apk/res/android"
3    package="xyz.tqydn.tipang"
4    android:versionCode="1"
5    android:versionName="1.0" >
6
7    <uses-sdk
8        android:minSdkVersion="21"
8-->src/main/AndroidManifest.xml
9        android:targetSdkVersion="30" />
9-->src/main/AndroidManifest.xml
10
11    <uses-permission android:name="android.permission.ACCESS_FINE_LOCATION" />
11-->[com.google.android.libraries.places:places:2.4.0] AndroidManifest.xml:9:5-79
11-->[com.google.android.libraries.places:places:2.4.0] AndroidManifest.xml:9:22-76
12    <uses-permission android:name="android.permission.ACCESS_WIFI_STATE" />
12-->[com.google.android.libraries.places:places:2.4.0] AndroidManifest.xml:10:5-76
12-->[com.google.android.libraries.places:places:2.4.0] AndroidManifest.xml:10:22-73
13    <uses-permission android:name="android.permission.INTERNET" /> <!-- Include required permissions for Google Maps API to run. -->
13-->[com.google.android.libraries.places:places:2.4.0] AndroidManifest.xml:11:5-67
13-->[com.google.android.libraries.places:places:2.4.0] AndroidManifest.xml:11:22-64
14    <uses-permission android:name="android.permission.ACCESS_NETWORK_STATE" />
14-->[com.google.android.gms:play-services-maps:17.0.0] AndroidManifest.xml:23:5-79
14-->[com.google.android.gms:play-services-maps:17.0.0] AndroidManifest.xml:23:22-76
15
16    <uses-feature
16-->[com.google.android.gms:play-services-maps:17.0.0] AndroidManifest.xml:26:5-28:35
17        android:glEsVersion="0x00020000"
17-->[com.google.android.gms:play-services-maps:17.0.0] AndroidManifest.xml:27:9-41
18        android:required="true" /> <!-- Permission will be merged into the manifest of the hosting app. -->
18-->[com.google.android.gms:play-services-maps:17.0.0] AndroidManifest.xml:28:9-32
19    <!-- Is required to launch foreground extraction service for targetSdkVersion 28+. -->
20    <uses-permission android:name="android.permission.FOREGROUND_SERVICE" />
20-->[com.google.android.play:core:1.7.2] AndroidManifest.xml:8:3-74
20-->[com.google.android.play:core:1.7.2] AndroidManifest.xml:8:20-72
21
22    <application
22-->src/main/AndroidManifest.xml:6:5-44:19
23        android:allowBackup="true"
23-->src/main/AndroidManifest.xml:7:9-35
24        android:appComponentFactory="androidx.core.app.CoreComponentFactory"
24-->[androidx.core:core:1.5.0-alpha01] AndroidManifest.xml:24:18-86
25        android:debuggable="true"
26        android:icon="@mipmap/ic_launcher"
26-->src/main/AndroidManifest.xml:8:9-43
27        android:label="@string/app_name"
27-->src/main/AndroidManifest.xml:9:9-41
28        android:roundIcon="@mipmap/ic_launcher_round"
28-->src/main/AndroidManifest.xml:10:9-54
29        android:supportsRtl="true"
29-->src/main/AndroidManifest.xml:11:9-35
30        android:testOnly="true"
31        android:theme="@style/Theme.Tipall"
31-->src/main/AndroidManifest.xml:12:9-44
32        android:usesCleartextTraffic="true" >
32-->src/main/AndroidManifest.xml:13:9-44
33        <activity android:name="xyz.tqydn.tipang.ui.inventory.DetailPermintaanActivity" />
33-->src/main/AndroidManifest.xml:15:9-84
33-->src/main/AndroidManifest.xml:15:19-72
34        <activity android:name="xyz.tqydn.tipang.ui.inventory.DetailTawaranActivity" />
34-->src/main/AndroidManifest.xml:16:9-72
34-->src/main/AndroidManifest.xml:16:19-69
35        <activity android:name="xyz.tqydn.tipang.ui.inventory.BuatTransaksiActivity" />
35-->src/main/AndroidManifest.xml:17:9-72
35-->src/main/AndroidManifest.xml:17:19-69
36        <activity android:name="xyz.tqydn.tipang.ui.inventory.TambahUsahaActivity" />
36-->src/main/AndroidManifest.xml:18:9-70
36-->src/main/AndroidManifest.xml:18:19-67
37        <activity android:name="xyz.tqydn.tipang.ui.inventory.TambahBarangActivity" />
37-->src/main/AndroidManifest.xml:19:9-71
37-->src/main/AndroidManifest.xml:19:19-68
38        <activity android:name="xyz.tqydn.tipang.ui.inventory.EditUsahaActivity" />
38-->src/main/AndroidManifest.xml:20:9-68
38-->src/main/AndroidManifest.xml:20:19-65
39        <activity android:name="xyz.tqydn.tipang.ui.inventory.EditProfilActivity" />
39-->src/main/AndroidManifest.xml:21:9-69
39-->src/main/AndroidManifest.xml:21:19-66
40        <activity android:name="xyz.tqydn.tipang.ui.inventory.EditBarangActivity" />
40-->src/main/AndroidManifest.xml:22:9-69
40-->src/main/AndroidManifest.xml:22:19-66
41        <activity android:name="xyz.tqydn.tipang.ui.CadanganActivity" />
41-->src/main/AndroidManifest.xml:23:9-57
41-->src/main/AndroidManifest.xml:23:19-54
42        <activity android:name="xyz.tqydn.tipang.ui.VerEmailActivity" />
42-->src/main/AndroidManifest.xml:24:9-57
42-->src/main/AndroidManifest.xml:24:19-54
43        <activity android:name="xyz.tqydn.tipang.ui.SignUpActivity" />
43-->src/main/AndroidManifest.xml:25:9-55
43-->src/main/AndroidManifest.xml:25:19-52
44        <activity android:name="xyz.tqydn.tipang.ui.LoginActivity" />
44-->src/main/AndroidManifest.xml:26:9-54
44-->src/main/AndroidManifest.xml:26:19-51
45        <activity android:name="xyz.tqydn.tipang.SplashScreenActivity" >
45-->src/main/AndroidManifest.xml:27:9-33:20
45-->src/main/AndroidManifest.xml:27:19-55
46            <intent-filter>
46-->src/main/AndroidManifest.xml:28:13-32:29
47                <action android:name="android.intent.action.MAIN" />
47-->src/main/AndroidManifest.xml:29:17-69
47-->src/main/AndroidManifest.xml:29:25-66
48
49                <category android:name="android.intent.category.LAUNCHER" />
49-->src/main/AndroidManifest.xml:31:17-77
49-->src/main/AndroidManifest.xml:31:27-74
50            </intent-filter>
51        </activity>
52
53        <meta-data
53-->src/main/AndroidManifest.xml:35:9-37:57
54            android:name="preloaded_fonts"
54-->src/main/AndroidManifest.xml:36:13-43
55            android:resource="@array/preloaded_fonts" />
55-->src/main/AndroidManifest.xml:37:13-54
56        <meta-data
56-->src/main/AndroidManifest.xml:38:9-40:71
57            android:name="com.google.android.geo.API_KEY"
57-->src/main/AndroidManifest.xml:39:13-58
58            android:value="AIzaSyD306ZhNIIsxRlXcCu0NWnheKhPOhysous" />
58-->src/main/AndroidManifest.xml:40:13-68
59        <meta-data
59-->src/main/AndroidManifest.xml:41:9-43:69
60            android:name="com.google.android.gms.version"
60-->src/main/AndroidManifest.xml:42:13-58
61            android:value="@integer/google_play_services_version" />
61-->src/main/AndroidManifest.xml:43:13-66
62
63        <activity
63-->[com.karumi:dexter:6.2.1] AndroidManifest.xml:27:9-29:72
64            android:name="com.karumi.dexter.DexterActivity"
64-->[com.karumi:dexter:6.2.1] AndroidManifest.xml:28:13-60
65            android:theme="@style/Dexter.Internal.Theme.Transparent" />
65-->[com.karumi:dexter:6.2.1] AndroidManifest.xml:29:13-69
66        <activity
66-->[com.google.android.libraries.places:places:2.4.0] AndroidManifest.xml:14:9-20:20
67            android:name="com.google.android.libraries.places.widget.AutocompleteActivity"
67-->[com.google.android.libraries.places:places:2.4.0] AndroidManifest.xml:15:13-91
68            android:exported="false"
68-->[com.google.android.libraries.places:places:2.4.0] AndroidManifest.xml:16:13-37
69            android:label="@string/places_autocomplete_label"
69-->[com.google.android.libraries.places:places:2.4.0] AndroidManifest.xml:17:13-62
70            android:theme="@style/PlacesAutocompleteOverlay"
70-->[com.google.android.libraries.places:places:2.4.0] AndroidManifest.xml:18:13-61
71            android:windowSoftInputMode="adjustResize" >
71-->[com.google.android.libraries.places:places:2.4.0] AndroidManifest.xml:19:13-55
72        </activity> <!-- Needs to be explicitly declared on P+ -->
73        <uses-library
73-->[com.google.android.gms:play-services-maps:17.0.0] AndroidManifest.xml:33:9-35:40
74            android:name="org.apache.http.legacy"
74-->[com.google.android.gms:play-services-maps:17.0.0] AndroidManifest.xml:34:13-50
75            android:required="false" />
75-->[com.google.android.gms:play-services-maps:17.0.0] AndroidManifest.xml:35:13-37
76
77        <service
77-->[com.google.firebase:firebase-storage:19.2.0] AndroidManifest.xml:30:9-36:19
78            android:name="com.google.firebase.components.ComponentDiscoveryService"
78-->[com.google.firebase:firebase-storage:19.2.0] AndroidManifest.xml:31:13-84
79            android:directBootAware="true"
79-->[com.google.firebase:firebase-common:19.3.1] AndroidManifest.xml:35:13-43
80            android:exported="false" >
80-->[com.google.firebase:firebase-storage:19.2.0] AndroidManifest.xml:32:13-37
81            <meta-data
81-->[com.google.firebase:firebase-storage:19.2.0] AndroidManifest.xml:33:13-35:85
82                android:name="com.google.firebase.components:com.google.firebase.storage.StorageRegistrar"
82-->[com.google.firebase:firebase-storage:19.2.0] AndroidManifest.xml:34:17-107
83                android:value="com.google.firebase.components.ComponentRegistrar" />
83-->[com.google.firebase:firebase-storage:19.2.0] AndroidManifest.xml:35:17-82
84        </service>
85
86        <activity
86-->[com.sucho:placepicker:1.1.2] AndroidManifest.xml:12:9-14:67
87            android:name="com.sucho.placepicker.PlacePickerActivity"
87-->[com.sucho:placepicker:1.1.2] AndroidManifest.xml:13:13-69
88            android:label="@string/title_activity_place_picker" />
88-->[com.sucho:placepicker:1.1.2] AndroidManifest.xml:14:13-64
89
90        <service
90-->[com.google.android.datatransport:transport-backend-cct:2.3.0] AndroidManifest.xml:29:9-35:19
91            android:name="com.google.android.datatransport.runtime.backends.TransportBackendDiscovery"
91-->[com.google.android.datatransport:transport-backend-cct:2.3.0] AndroidManifest.xml:30:13-103
92            android:exported="false" >
92-->[com.google.android.datatransport:transport-backend-cct:2.3.0] AndroidManifest.xml:31:13-37
93            <meta-data
93-->[com.google.android.datatransport:transport-backend-cct:2.3.0] AndroidManifest.xml:32:13-34:39
94                android:name="backend:com.google.android.datatransport.cct.CctBackendFactory"
94-->[com.google.android.datatransport:transport-backend-cct:2.3.0] AndroidManifest.xml:33:17-94
95                android:value="cct" />
95-->[com.google.android.datatransport:transport-backend-cct:2.3.0] AndroidManifest.xml:34:17-36
96        </service>
97        <service
97-->[com.google.android.datatransport:transport-runtime:2.2.3] AndroidManifest.xml:26:9-30:19
98            android:name="com.google.android.datatransport.runtime.scheduling.jobscheduling.JobInfoSchedulerService"
98-->[com.google.android.datatransport:transport-runtime:2.2.3] AndroidManifest.xml:27:13-117
99            android:exported="false"
99-->[com.google.android.datatransport:transport-runtime:2.2.3] AndroidManifest.xml:28:13-37
100            android:permission="android.permission.BIND_JOB_SERVICE" >
100-->[com.google.android.datatransport:transport-runtime:2.2.3] AndroidManifest.xml:29:13-69
101        </service>
102
103        <receiver
103-->[com.google.android.datatransport:transport-runtime:2.2.3] AndroidManifest.xml:32:9-34:40
104            android:name="com.google.android.datatransport.runtime.scheduling.jobscheduling.AlarmManagerSchedulerBroadcastReceiver"
104-->[com.google.android.datatransport:transport-runtime:2.2.3] AndroidManifest.xml:33:13-132
105            android:exported="false" />
105-->[com.google.android.datatransport:transport-runtime:2.2.3] AndroidManifest.xml:34:13-37
106
107        <provider
107-->[com.google.firebase:firebase-common:19.3.1] AndroidManifest.xml:26:9-31:39
108            android:name="com.google.firebase.provider.FirebaseInitProvider"
108-->[com.google.firebase:firebase-common:19.3.1] AndroidManifest.xml:27:13-77
109            android:authorities="xyz.tqydn.tipang.firebaseinitprovider"
109-->[com.google.firebase:firebase-common:19.3.1] AndroidManifest.xml:28:13-72
110            android:directBootAware="true"
110-->[com.google.firebase:firebase-common:19.3.1] AndroidManifest.xml:29:13-43
111            android:exported="false"
111-->[com.google.firebase:firebase-common:19.3.1] AndroidManifest.xml:30:13-37
112            android:initOrder="100" />
112-->[com.google.firebase:firebase-common:19.3.1] AndroidManifest.xml:31:13-36
113
114        <activity
114-->[com.google.android.gms:play-services-base:17.3.0] AndroidManifest.xml:23:9-26:75
115            android:name="com.google.android.gms.common.api.GoogleApiActivity"
115-->[com.google.android.gms:play-services-base:17.3.0] AndroidManifest.xml:24:13-79
116            android:exported="false"
116-->[com.google.android.gms:play-services-base:17.3.0] AndroidManifest.xml:25:13-37
117            android:theme="@android:style/Theme.Translucent.NoTitleBar" />
117-->[com.google.android.gms:play-services-base:17.3.0] AndroidManifest.xml:26:13-72
118
119        <provider
119-->[androidx.lifecycle:lifecycle-process:2.1.0] AndroidManifest.xml:23:9-27:43
120            android:name="androidx.lifecycle.ProcessLifecycleOwnerInitializer"
120-->[androidx.lifecycle:lifecycle-process:2.1.0] AndroidManifest.xml:24:13-79
121            android:authorities="xyz.tqydn.tipang.lifecycle-process"
121-->[androidx.lifecycle:lifecycle-process:2.1.0] AndroidManifest.xml:25:13-69
122            android:exported="false"
122-->[androidx.lifecycle:lifecycle-process:2.1.0] AndroidManifest.xml:26:13-37
123            android:multiprocess="true" /> <!-- The activities will be merged into the manifest of the hosting app. -->
123-->[androidx.lifecycle:lifecycle-process:2.1.0] AndroidManifest.xml:27:13-40
124        <activity
124-->[com.google.android.play:core:1.7.2] AndroidManifest.xml:12:5-271
125            android:name="com.google.android.play.core.missingsplits.PlayCoreMissingSplitsActivity"
125-->[com.google.android.play:core:1.7.2] AndroidManifest.xml:12:15-102
126            android:enabled="false"
126-->[com.google.android.play:core:1.7.2] AndroidManifest.xml:12:103-126
127            android:exported="false"
127-->[com.google.android.play:core:1.7.2] AndroidManifest.xml:12:127-151
128            android:launchMode="singleInstance"
128-->[com.google.android.play:core:1.7.2] AndroidManifest.xml:12:204-239
129            android:process=":playcore_missing_splits_activity"
129-->[com.google.android.play:core:1.7.2] AndroidManifest.xml:12:152-203
130            android:stateNotNeeded="true" />
130-->[com.google.android.play:core:1.7.2] AndroidManifest.xml:12:240-269
131        <activity
131-->[com.google.android.play:core:1.7.2] AndroidManifest.xml:13:5-226
132            android:name="com.google.android.play.core.common.PlayCoreDialogWrapperActivity"
132-->[com.google.android.play:core:1.7.2] AndroidManifest.xml:13:15-95
133            android:enabled="false"
133-->[com.google.android.play:core:1.7.2] AndroidManifest.xml:13:96-119
134            android:exported="false"
134-->[com.google.android.play:core:1.7.2] AndroidManifest.xml:13:120-144
135            android:stateNotNeeded="true"
135-->[com.google.android.play:core:1.7.2] AndroidManifest.xml:13:145-174
136            android:theme="@style/Theme.PlayCore.Transparent" /> <!-- The service will be merged into the manifest of the hosting app. -->
136-->[com.google.android.play:core:1.7.2] AndroidManifest.xml:13:175-224
137        <service
137-->[com.google.android.play:core:1.7.2] AndroidManifest.xml:16:5-145
138            android:name="com.google.android.play.core.assetpacks.AssetPackExtractionService"
138-->[com.google.android.play:core:1.7.2] AndroidManifest.xml:16:14-95
139            android:enabled="false"
139-->[com.google.android.play:core:1.7.2] AndroidManifest.xml:16:96-119
140            android:exported="true" />
140-->[com.google.android.play:core:1.7.2] AndroidManifest.xml:16:120-143
141    </application>
142
143</manifest>